# JRE version: Java(TM) SE Runtime Environment (8.0_131-b11) (build 1.8.0_131-b11)
# Java VM: Java HotSpot(TM) 64-Bit Server VM (25.131-b11 mixed mode linux-amd64 compressed oops)
Heap:
 PSYoungGen      total 391168K, used 223021K [0x00000000d6d80000, 0x0000000100000000, 0x0000000100000000)
  eden space 166400K, 0% used [0x00000000d6d80000,0x00000000d6d80000,0x00000000e1000000)
  from space 224768K, 99% used [0x00000000e1000000,0x00000000ee9cb490,0x00000000eeb80000)
  to   space 224768K, 0% used [0x00000000f2480000,0x00000000f2480000,0x0000000100000000)
 ParOldGen       total 763904K, used 763470K [0x0000000084800000, 0x00000000b3200000, 0x00000000d6d80000)
  object space 763904K, 99% used [0x0000000084800000,0x00000000b31939f0,0x00000000b3200000)
 Metaspace       used 6902K, capacity 7274K, committed 7424K, reserved 1056768K
  class space    used 834K, capacity 931K, committed 1024K, reserved 1048576K
GC Heap History (10 events):
Event: 6.816 GC heap after
Heap after GC invocations=11 (full 3):
 PSYoungGen      total 311808K, used 183296K [0x00000000d6d80000, 0x00000000fd280000, 0x0000000100000000)
  eden space 128512K, 0% used [0x00000000d6d80000,0x00000000d6d80000,0x00000000deb00000)
  from space 183296K, 100% used [0x00000000ec680000,0x00000000f7980000,0x00000000f7980000)
  to   space 224768K, 0% used [0x00000000deb00000,0x00000000deb00000,0x00000000ec680000)
 ParOldGen       total 477696K, used 393998K [0x0000000084800000, 0x00000000a1a80000, 0x00000000d6d80000)
  object space 477696K, 82% used [0x0000000084800000,0x000000009c8c3be8,0x00000000a1a80000)
 Metaspace       used 6882K, capacity 7274K, committed 7424K, reserved 1056768K
  class space    used 832K, capacity 931K, committed 1024K, reserved 1048576K
}
Event: 6.816 GC heap before
{Heap before GC invocations=12 (full 4):
 PSYoungGen      total 311808K, used 183296K [0x00000000d6d80000, 0x00000000fd280000, 0x0000000100000000)
  eden space 128512K, 0% used [0x00000000d6d80000,0x00000000d6d80000,0x00000000deb00000)
  from space 183296K, 100% used [0x00000000ec680000,0x00000000f7980000,0x00000000f7980000)
  to   space 224768K, 0% used [0x00000000deb00000,0x00000000deb00000,0x00000000ec680000)
 ParOldGen       total 477696K, used 393998K [0x0000000084800000, 0x00000000a1a80000, 0x00000000d6d80000)
  object space 477696K, 82% used [0x0000000084800000,0x000000009c8c3be8,0x00000000a1a80000)
 Metaspace       used 6882K, capacity 7274K, committed 7424K, reserved 1056768K
  class space    used 832K, capacity 931K, committed 1024K, reserved 1048576K
Event: 9.711 GC heap after
Heap after GC invocations=12 (full 4):
 PSYoungGen      total 311808K, used 99230K [0x00000000d6d80000, 0x00000000fd280000, 0x0000000100000000)
  eden space 128512K, 0% used [0x00000000d6d80000,0x00000000d6d80000,0x00000000deb00000)
  from space 183296K, 54% used [0x00000000ec680000,0x00000000f2767bf8,0x00000000f7980000)
  to   space 224768K, 0% used [0x00000000deb00000,0x00000000deb00000,0x00000000ec680000)
 ParOldGen       total 745984K, used 477365K [0x0000000084800000, 0x00000000b2080000, 0x00000000d6d80000)
  object space 745984K, 63% used [0x0000000084800000,0x00000000a1a2d698,0x00000000b2080000)
 Metaspace       used 6882K, capacity 7274K, committed 7424K, reserved 1056768K
  class space    used 832K, capacity 931K, committed 1024K, reserved 1048576K
}
Event: 9.740 GC heap before
{Heap before GC invocations=13 (full 4):
 PSYoungGen      total 311808K, used 227742K [0x00000000d6d80000, 0x00000000fd280000, 0x0000000100000000)
  eden space 128512K, 100% used [0x00000000d6d80000,0x00000000deb00000,0x00000000deb00000)
  from space 183296K, 54% used [0x00000000ec680000,0x00000000f2767bf8,0x00000000f7980000)
  to   space 224768K, 0% used [0x00000000deb00000,0x00000000deb00000,0x00000000ec680000)
 ParOldGen       total 745984K, used 477365K [0x0000000084800000, 0x00000000b2080000, 0x00000000d6d80000)
  object space 745984K, 63% used [0x0000000084800000,0x00000000a1a2d698,0x00000000b2080000)
 Metaspace       used 6887K, capacity 7274K, committed 7424K, reserved 1056768K
  class space    used 832K, capacity 931K, committed 1024K, reserved 1048576K
Event: 10.204 GC heap after
Heap after GC invocations=13 (full 4):
 PSYoungGen      total 353280K, used 224768K [0x00000000d6d80000, 0x00000000fc700000, 0x0000000100000000)
  eden space 128512K, 0% used [0x00000000d6d80000,0x00000000d6d80000,0x00000000deb00000)
  from space 224768K, 100% used [0x00000000deb00000,0x00000000ec680000,0x00000000ec680000)
  to   space 224768K, 0% used [0x00000000eeb80000,0x00000000eeb80000,0x00000000fc700000)
 ParOldGen       total 745984K, used 479733K [0x0000000084800000, 0x00000000b2080000, 0x00000000d6d80000)
  object space 745984K, 64% used [0x0000000084800000,0x00000000a1c7d698,0x00000000b2080000)
 Metaspace       used 6887K, capacity 7274K, committed 7424K, reserved 1056768K
  class space    used 832K, capacity 931K, committed 1024K, reserved 1048576K
}
Event: 10.233 GC heap before
{Heap before GC invocations=14 (full 4):
 PSYoungGen      total 353280K, used 353280K [0x00000000d6d80000, 0x00000000fc700000, 0x0000000100000000)
  eden space 128512K, 100% used [0x00000000d6d80000,0x00000000deb00000,0x00000000deb00000)
  from space 224768K, 100% used [0x00000000deb00000,0x00000000ec680000,0x00000000ec680000)
  to   space 224768K, 0% used [0x00000000eeb80000,0x00000000eeb80000,0x00000000fc700000)
 ParOldGen       total 745984K, used 479733K [0x0000000084800000, 0x00000000b2080000, 0x00000000d6d80000)
  object space 745984K, 64% used [0x0000000084800000,0x00000000a1c7d698,0x00000000b2080000)
 Metaspace       used 6887K, capacity 7274K, committed 7424K, reserved 1056768K
  class space    used 832K, capacity 931K, committed 1024K, reserved 1048576K
Event: 10.845 GC heap after
Heap after GC invocations=14 (full 4):
 PSYoungGen      total 391168K, used 224768K [0x00000000d6d80000, 0x00000000fd000000, 0x0000000100000000)
  eden space 166400K, 0% used [0x00000000d6d80000,0x00000000d6d80000,0x00000000e1000000)
  from space 224768K, 100% used [0x00000000eeb80000,0x00000000fc700000,0x00000000fc700000)
  to   space 224768K, 0% used [0x00000000e1000000,0x00000000e1000000,0x00000000eeb80000)
 ParOldGen       total 745984K, used 608733K [0x0000000084800000, 0x00000000b2080000, 0x00000000d6d80000)
  object space 745984K, 81% used [0x0000000084800000,0x00000000a9a77698,0x00000000b2080000)
 Metaspace       used 6887K, capacity 7274K, committed 7424K, reserved 1056768K
  class space    used 832K, capacity 931K, committed 1024K, reserved 1048576K
}
Event: 10.908 GC heap before
{Heap before GC invocations=15 (full 4):
 PSYoungGen      total 391168K, used 391168K [0x00000000d6d80000, 0x00000000fd000000, 0x0000000100000000)
  eden space 166400K, 100% used [0x00000000d6d80000,0x00000000e1000000,0x00000000e1000000)
  from space 224768K, 100% used [0x00000000eeb80000,0x00000000fc700000,0x00000000fc700000)
  to   space 224768K, 0% used [0x00000000e1000000,0x00000000e1000000,0x00000000eeb80000)
 ParOldGen       total 745984K, used 608733K [0x0000000084800000, 0x00000000b2080000, 0x00000000d6d80000)
  object space 745984K, 81% used [0x0000000084800000,0x00000000a9a77698,0x00000000b2080000)
 Metaspace       used 6902K, capacity 7274K, committed 7424K, reserved 1056768K
  class space    used 834K, capacity 931K, committed 1024K, reserved 1048576K
Event: 11.473 GC heap after
Heap after GC invocations=15 (full 4):
 PSYoungGen      total 391168K, used 224768K [0x00000000d6d80000, 0x0000000100000000, 0x0000000100000000)
  eden space 166400K, 0% used [0x00000000d6d80000,0x00000000d6d80000,0x00000000e1000000)
  from space 224768K, 100% used [0x00000000e1000000,0x00000000eeb80000,0x00000000eeb80000)
  to   space 224768K, 0% used [0x00000000f2480000,0x00000000f2480000,0x0000000100000000)
 ParOldGen       total 763904K, used 763061K [0x0000000084800000, 0x00000000b3200000, 0x00000000d6d80000)
  object space 763904K, 99% used [0x0000000084800000,0x00000000b312d698,0x00000000b3200000)
 Metaspace       used 6902K, capacity 7274K, committed 7424K, reserved 1056768K
  class space    used 834K, capacity 931K, committed 1024K, reserved 1048576K
}
Event: 11.473 GC heap before
{Heap before GC invocations=16 (full 5):
 PSYoungGen      total 391168K, used 224768K [0x00000000d6d80000, 0x0000000100000000, 0x0000000100000000)
  eden space 166400K, 0% used [0x00000000d6d80000,0x00000000d6d80000,0x00000000e1000000)
  from space 224768K, 100% used [0x00000000e1000000,0x00000000eeb80000,0x00000000eeb80000)
  to   space 224768K, 0% used [0x00000000f2480000,0x00000000f2480000,0x0000000100000000)
 ParOldGen       total 763904K, used 763061K [0x0000000084800000, 0x00000000b3200000, 0x00000000d6d80000)
  object space 763904K, 99% used [0x0000000084800000,0x00000000b312d698,0x00000000b3200000)
 Metaspace       used 6902K, capacity 7274K, committed 7424K, reserved 1056768K
  class space    used 834K, capacity 931K, committed 1024K, reserved 1048576K

